[INFO] Scanning for projects...
[INFO] 
[INFO] ----------------------< za.blkmarket:api-gateway >----------------------
[INFO] Building API Gateway 1.0.0
[INFO]   from pom.xml
[INFO] --------------------------------[ jar ]---------------------------------
[INFO] 
[INFO] >>> spring-boot:2.7.14:run (default-cli) > test-compile @ api-gateway >>>
[INFO] 
[INFO] --- resources:3.2.0:resources (default-resources) @ api-gateway ---
[INFO] Using 'UTF-8' encoding to copy filtered resources.
[INFO] Using 'UTF-8' encoding to copy filtered properties files.
[INFO] Copying 1 resource
[INFO] Copying 1 resource
[INFO] 
[INFO] --- compiler:3.10.1:compile (default-compile) @ api-gateway ---
[INFO] Nothing to compile - all classes are up to date
[INFO] 
[INFO] --- resources:3.2.0:testResources (default-testResources) @ api-gateway ---
[INFO] Using 'UTF-8' encoding to copy filtered resources.
[INFO] Using 'UTF-8' encoding to copy filtered properties files.
[INFO] Copying 0 resource
[INFO] 
[INFO] --- compiler:3.10.1:testCompile (default-testCompile) @ api-gateway ---
[INFO] Nothing to compile - all classes are up to date
[INFO] 
[INFO] <<< spring-boot:2.7.14:run (default-cli) < test-compile @ api-gateway <<<
[INFO] 
[INFO] 
[INFO] --- spring-boot:2.7.14:run (default-cli) @ api-gateway ---
[INFO] Attaching agents: []

  .   ____          _            __ _ _
 /\\ / ___'_ __ _ _(_)_ __  __ _ \ \ \ \
( ( )\___ | '_ | '_| | '_ \/ _` | \ \ \ \
 \\/  ___)| |_)| | | | | || (_| |  ) ) ) )
  '  |____| .__|_| |_|_| |_\__, | / / / /
 =========|_|==============|___/=/_/_/_/
 :: Spring Boot ::               (v2.7.14)

2026-01-04 22:41:51.750  INFO 45534 --- [           main] z.b.gateway.ApiGatewayApplication        : Starting ApiGatewayApplication using Java 17.0.17 on LAPTOP-O72FFPF8 with PID 45534 (/home/odwadev/online-spaza-microservices/api-gateway/target/classes started by odwadev in /home/odwadev/online-spaza-microservices/api-gateway)
2026-01-04 22:41:51.753  INFO 45534 --- [           main] z.b.gateway.ApiGatewayApplication        : No active profile set, falling back to 1 default profile: "default"
2026-01-04 22:41:53.518  INFO 45534 --- [           main] o.s.cloud.context.scope.GenericScope     : BeanFactory id=0693c407-5543-308c-a928-db3142c5b577
2026-01-04 22:41:54.923 DEBUG 45534 --- [           main] o.s.c.gateway.config.GatewayProperties   : Routes supplied from Gateway Properties: [RouteDefinition{id='customer-login-register', predicates=[PredicateDefinition{name='Path', args={_genkey_0=/api/v1/customer/login, _genkey_1=/api/v1/customer/register, _genkey_2=/api/v1/customer/password/**, _genkey_3=/api/v1/customer/*/password/**, _genkey_4=/api/v1/customer/*/reset/**}}], filters=[], uri=http://customer-service:8085, order=0, metadata={}}, RouteDefinition{id='catalog-public', predicates=[PredicateDefinition{name='Path', args={_genkey_0=/api/v1/products/**, _genkey_1=/api/v1/product/**}}], filters=[], uri=http://catalog-service:8081, order=0, metadata={}}, RouteDefinition{id='catalog-public-v2', predicates=[PredicateDefinition{name='Path', args={_genkey_0=/api/v2/products/**, _genkey_1=/api/v2/product/**}}], filters=[], uri=http://catalog-service:8081, order=0, metadata={}}, RouteDefinition{id='catalog-category-public', predicates=[PredicateDefinition{name='Path', args={_genkey_0=/api/v1/category, _genkey_1=/api/v1/category/**}}], filters=[], uri=http://catalog-service:8081, order=0, metadata={}}, RouteDefinition{id='catalog-manufacturers-public', predicates=[PredicateDefinition{name='Path', args={_genkey_0=/api/v1/manufacturers, _genkey_1=/api/v1/manufacturers/**, _genkey_2=/api/v1/manufacturer/**}}], filters=[], uri=http://catalog-service:8081, order=0, metadata={}}, RouteDefinition{id='catalog-content-public', predicates=[PredicateDefinition{name='Path', args={_genkey_0=/api/v1/content/**}}], filters=[], uri=http://catalog-service:8081, order=0, metadata={}}, RouteDefinition{id='catalog-search', predicates=[PredicateDefinition{name='Path', args={_genkey_0=/api/v1/search/**}}], filters=[], uri=http://catalog-service:8081, order=0, metadata={}}, RouteDefinition{id='catalog-newsletter', predicates=[PredicateDefinition{name='Path', args={_genkey_0=/api/v1/newsletter, _genkey_1=/api/v1/newsletter/**}}], filters=[], uri=http://catalog-service:8081, order=0, metadata={}}, RouteDefinition{id='catalog-contact', predicates=[PredicateDefinition{name='Path', args={_genkey_0=/api/v1/contact}}], filters=[], uri=http://catalog-service:8081, order=0, metadata={}}, RouteDefinition{id='customer-reference', predicates=[PredicateDefinition{name='Path', args={_genkey_0=/api/v1/country, _genkey_1=/api/v1/currency, _genkey_2=/api/v1/languages, _genkey_3=/api/v1/measures, _genkey_4=/api/v1/zones}}], filters=[], uri=http://customer-service:8085, order=0, metadata={}}, RouteDefinition{id='customer-reviews-public', predicates=[PredicateDefinition{name='Path', args={_genkey_0=/api/v1/customers/*/reviews}}], filters=[], uri=http://customer-service:8085, order=0, metadata={}}, RouteDefinition{id='user-auth-stores-public', predicates=[PredicateDefinition{name='Path', args={_genkey_0=/api/v1/store, _genkey_1=/api/v1/store/**}}], filters=[], uri=http://user-auth-service:8082, order=0, metadata={}}, RouteDefinition{id='user-password-reset', predicates=[PredicateDefinition{name='Path', args={_genkey_0=/api/v1/user/**}}], filters=[], uri=http://user-auth-service:8082, order=0, metadata={}}, RouteDefinition{id='user-auth-config-public', predicates=[PredicateDefinition{name='Path', args={_genkey_0=/api/v1/config}}], filters=[], uri=http://user-auth-service:8082, order=0, metadata={}}, RouteDefinition{id='order-shipping-public', predicates=[PredicateDefinition{name='Path', args={_genkey_0=/api/v1/shipping/**}}], filters=[], uri=http://order-service:8087, order=0, metadata={}}, RouteDefinition{id='order-payment-public', predicates=[PredicateDefinition{name='Path', args={_genkey_0=/api/v1/payment/**, _genkey_1=/api/v1/cart/*/payment/**}}], filters=[], uri=http://order-service:8087, order=0, metadata={}}, RouteDefinition{id='order-checkout-public', predicates=[PredicateDefinition{name='Path', args={_genkey_0=/api/v1/cart/*/checkout}}], filters=[], uri=http://order-service:8087, order=0, metadata={}}, RouteDefinition{id='customer-cart-public', predicates=[PredicateDefinition{name='Path', args={_genkey_0=/api/v1/cart, _genkey_1=/api/v1/cart/**}}], filters=[], uri=http://customer-service:8085, order=0, metadata={}}, RouteDefinition{id='private-login', predicates=[PredicateDefinition{name='Path', args={_genkey_0=/api/v1/private/login}}], filters=[], uri=http://user-auth-service:8082, order=0, metadata={}}, RouteDefinition{id='orders-auth', predicates=[PredicateDefinition{name='Path', args={_genkey_0=/api/v1/auth/orders/**, _genkey_1=/api/v1/auth/cart/**, _genkey_2=/api/v1/private/orders/**}}], filters=[], uri=http://order-service:8087, order=0, metadata={}}, RouteDefinition{id='customer-auth', predicates=[PredicateDefinition{name='Path', args={_genkey_0=/api/v1/auth/customer/**}}], filters=[], uri=http://customer-service:8085, order=0, metadata={}}, RouteDefinition{id='user-auth-refresh', predicates=[PredicateDefinition{name='Path', args={_genkey_0=/api/v1/auth/refresh}}], filters=[], uri=http://user-auth-service:8082, order=0, metadata={}}, RouteDefinition{id='order-cache', predicates=[PredicateDefinition{name='Path', args={_genkey_0=/api/v1/auth/cache/**}}], filters=[], uri=http://order-service:8087, order=0, metadata={}}, RouteDefinition{id='catalog-auth-products', predicates=[PredicateDefinition{name='Path', args={_genkey_0=/api/v1/auth/products/**, _genkey_1=/api/v1/auth/product/**}}], filters=[], uri=http://catalog-service:8081, order=0, metadata={}}, RouteDefinition{id='catalog-private', predicates=[PredicateDefinition{name='Path', args={_genkey_0=/api/v1/private/product/**, _genkey_1=/api/v2/private/product/**}}], filters=[], uri=http://catalog-service:8081, order=0, metadata={}}, RouteDefinition{id='catalog-private-products', predicates=[PredicateDefinition{name='Path', args={_genkey_0=/api/v1/private/products/**}}], filters=[], uri=http://catalog-service:8081, order=0, metadata={}}, RouteDefinition{id='catalog-category-private', predicates=[PredicateDefinition{name='Path', args={_genkey_0=/api/v1/private/category/**}}], filters=[], uri=http://catalog-service:8081, order=0, metadata={}}, RouteDefinition{id='catalog-manufacturer-private', predicates=[PredicateDefinition{name='Path', args={_genkey_0=/api/v1/private/manufacturers/**, _genkey_1=/api/v1/private/manufacturer/**}}], filters=[], uri=http://catalog-service:8081, order=0, metadata={}}, RouteDefinition{id='catalog-content-private', predicates=[PredicateDefinition{name='Path', args={_genkey_0=/api/v1/private/content/**, _genkey_1=/api/v1/private/file, _genkey_2=/api/v1/private/files}}], filters=[], uri=http://catalog-service:8081, order=0, metadata={}}, RouteDefinition{id='catalog-catalog', predicates=[PredicateDefinition{name='Path', args={_genkey_0=/api/v1/private/catalog, _genkey_1=/api/v1/private/catalog/**, _genkey_2=/api/v1/private/catalogs}}], filters=[], uri=http://catalog-service:8081, order=0, metadata={}}, RouteDefinition{id='catalog-optin', predicates=[PredicateDefinition{name='Path', args={_genkey_0=/api/v1/private/optin, _genkey_1=/api/v1/private/optin/**}}], filters=[], uri=http://catalog-service:8081, order=0, metadata={}}, RouteDefinition{id='catalog-system', predicates=[PredicateDefinition{name='Path', args={_genkey_0=/api/v1/private/system/**}}], filters=[], uri=http://catalog-service:8081, order=0, metadata={}}, RouteDefinition{id='customer-private', predicates=[PredicateDefinition{name='Path', args={_genkey_0=/api/v1/private/customer/**, _genkey_1=/api/v1/private/customers/**}}], filters=[], uri=http://customer-service:8085, order=0, metadata={}}, RouteDefinition{id='order-tax', predicates=[PredicateDefinition{name='Path', args={_genkey_0=/api/v1/private/tax/**}}], filters=[], uri=http://order-service:8087, order=0, metadata={}}, RouteDefinition{id='order-shipping-private', predicates=[PredicateDefinition{name='Path', args={_genkey_0=/api/v1/private/shipping/**}}], filters=[], uri=http://order-service:8087, order=0, metadata={}}, RouteDefinition{id='order-payment-private', predicates=[PredicateDefinition{name='Path', args={_genkey_0=/api/v1/private/payment/**}}], filters=[], uri=http://order-service:8087, order=0, metadata={}}, RouteDefinition{id='order-configurations', predicates=[PredicateDefinition{name='Path', args={_genkey_0=/api/v1/private/configurations/**}}], filters=[], uri=http://order-service:8087, order=0, metadata={}}, RouteDefinition{id='order-modules', predicates=[PredicateDefinition{name='Path', args={_genkey_0=/api/v1/private/modules/**}}], filters=[], uri=http://order-service:8087, order=0, metadata={}}, RouteDefinition{id='merchant-config', predicates=[PredicateDefinition{name='Path', args={_genkey_0=/api/v1/merchant/**}}], filters=[], uri=http://order-service:8087, order=0, metadata={}}, RouteDefinition{id='user-auth-stores-private', predicates=[PredicateDefinition{name='Path', args={_genkey_0=/api/v1/private/store, _genkey_1=/api/v1/private/store/**, _genkey_2=/api/v1/private/stores, _genkey_3=/api/v1/private/stores/**}}], filters=[], uri=http://user-auth-service:8082, order=0, metadata={}}, RouteDefinition{id='user-auth-merchant', predicates=[PredicateDefinition{name='Path', args={_genkey_0=/api/v1/private/merchant/**}}], filters=[], uri=http://user-auth-service:8082, order=0, metadata={}}, RouteDefinition{id='user-profile', predicates=[PredicateDefinition{name='Path', args={_genkey_0=/api/v1/private/user/**, _genkey_1=/api/v1/private/users, _genkey_2=/api/v1/private/users/**}}], filters=[], uri=http://user-auth-service:8082, order=0, metadata={}}, RouteDefinition{id='user-auth-sec', predicates=[PredicateDefinition{name='Path', args={_genkey_0=/api/v1/sec/**}}], filters=[], uri=http://user-auth-service:8082, order=0, metadata={}}, RouteDefinition{id='user-auth-marketplace', predicates=[PredicateDefinition{name='Path', args={_genkey_0=/api/v1/private/marketplace/**}}], filters=[], uri=http://user-auth-service:8082, order=0, metadata={}}]
2026-01-04 22:41:55.464  INFO 45534 --- [           main] o.s.c.g.r.RouteDefinitionRouteLocator    : Loaded RoutePredicateFactory [After]
2026-01-04 22:41:55.464  INFO 45534 --- [           main] o.s.c.g.r.RouteDefinitionRouteLocator    : Loaded RoutePredicateFactory [Before]
2026-01-04 22:41:55.465  INFO 45534 --- [           main] o.s.c.g.r.RouteDefinitionRouteLocator    : Loaded RoutePredicateFactory [Between]
2026-01-04 22:41:55.465  INFO 45534 --- [           main] o.s.c.g.r.RouteDefinitionRouteLocator    : Loaded RoutePredicateFactory [Cookie]
2026-01-04 22:41:55.465  INFO 45534 --- [           main] o.s.c.g.r.RouteDefinitionRouteLocator    : Loaded RoutePredicateFactory [Header]
2026-01-04 22:41:55.465  INFO 45534 --- [           main] o.s.c.g.r.RouteDefinitionRouteLocator    : Loaded RoutePredicateFactory [Host]
2026-01-04 22:41:55.465  INFO 45534 --- [           main] o.s.c.g.r.RouteDefinitionRouteLocator    : Loaded RoutePredicateFactory [Method]
2026-01-04 22:41:55.465  INFO 45534 --- [           main] o.s.c.g.r.RouteDefinitionRouteLocator    : Loaded RoutePredicateFactory [Path]
2026-01-04 22:41:55.465  INFO 45534 --- [           main] o.s.c.g.r.RouteDefinitionRouteLocator    : Loaded RoutePredicateFactory [Query]
2026-01-04 22:41:55.465  INFO 45534 --- [           main] o.s.c.g.r.RouteDefinitionRouteLocator    : Loaded RoutePredicateFactory [ReadBody]
2026-01-04 22:41:55.465  INFO 45534 --- [           main] o.s.c.g.r.RouteDefinitionRouteLocator    : Loaded RoutePredicateFactory [RemoteAddr]
2026-01-04 22:41:55.465  INFO 45534 --- [           main] o.s.c.g.r.RouteDefinitionRouteLocator    : Loaded RoutePredicateFactory [XForwardedRemoteAddr]
2026-01-04 22:41:55.465  INFO 45534 --- [           main] o.s.c.g.r.RouteDefinitionRouteLocator    : Loaded RoutePredicateFactory [Weight]
2026-01-04 22:41:55.465  INFO 45534 --- [           main] o.s.c.g.r.RouteDefinitionRouteLocator    : Loaded RoutePredicateFactory [CloudFoundryRouteService]
2026-01-04 22:41:56.122  INFO 45534 --- [           main] o.s.b.a.e.web.EndpointLinksResolver      : Exposing 2 endpoint(s) beneath base path '/actuator'
2026-01-04 22:41:56.647  INFO 45534 --- [           main] o.s.b.web.embedded.netty.NettyWebServer  : Netty started on port 8080
2026-01-04 22:41:57.352 DEBUG 45534 --- [           main] o.s.c.g.r.RouteDefinitionRouteLocator    : RouteDefinition customer-login-register applying {_genkey_0=/api/v1/customer/login, _genkey_1=/api/v1/customer/register, _genkey_2=/api/v1/customer/password/**, _genkey_3=/api/v1/customer/*/password/**, _genkey_4=/api/v1/customer/*/reset/**} to Path
2026-01-04 22:41:57.388 DEBUG 45534 --- [           main] o.s.c.g.r.RouteDefinitionRouteLocator    : RouteDefinition matched: customer-login-register
2026-01-04 22:41:57.389 DEBUG 45534 --- [           main] o.s.c.g.r.RouteDefinitionRouteLocator    : RouteDefinition catalog-public applying {_genkey_0=/api/v1/products/**, _genkey_1=/api/v1/product/**} to Path
2026-01-04 22:41:57.391 DEBUG 45534 --- [           main] o.s.c.g.r.RouteDefinitionRouteLocator    : RouteDefinition matched: catalog-public
2026-01-04 22:41:57.391 DEBUG 45534 --- [           main] o.s.c.g.r.RouteDefinitionRouteLocator    : RouteDefinition catalog-public-v2 applying {_genkey_0=/api/v2/products/**, _genkey_1=/api/v2/product/**} to Path
2026-01-04 22:41:57.392 DEBUG 45534 --- [           main] o.s.c.g.r.RouteDefinitionRouteLocator    : RouteDefinition matched: catalog-public-v2
2026-01-04 22:41:57.392 DEBUG 45534 --- [           main] o.s.c.g.r.RouteDefinitionRouteLocator    : RouteDefinition catalog-category-public applying {_genkey_0=/api/v1/category, _genkey_1=/api/v1/category/**} to Path
2026-01-04 22:41:57.394 DEBUG 45534 --- [           main] o.s.c.g.r.RouteDefinitionRouteLocator    : RouteDefinition matched: catalog-category-public
2026-01-04 22:41:57.395 DEBUG 45534 --- [           main] o.s.c.g.r.RouteDefinitionRouteLocator    : RouteDefinition catalog-manufacturers-public applying {_genkey_0=/api/v1/manufacturers, _genkey_1=/api/v1/manufacturers/**, _genkey_2=/api/v1/manufacturer/**} to Path
2026-01-04 22:41:57.396 DEBUG 45534 --- [           main] o.s.c.g.r.RouteDefinitionRouteLocator    : RouteDefinition matched: catalog-manufacturers-public
2026-01-04 22:41:57.397 DEBUG 45534 --- [           main] o.s.c.g.r.RouteDefinitionRouteLocator    : RouteDefinition catalog-content-public applying {_genkey_0=/api/v1/content/**} to Path
2026-01-04 22:41:57.398 DEBUG 45534 --- [           main] o.s.c.g.r.RouteDefinitionRouteLocator    : RouteDefinition matched: catalog-content-public
2026-01-04 22:41:57.398 DEBUG 45534 --- [           main] o.s.c.g.r.RouteDefinitionRouteLocator    : RouteDefinition catalog-search applying {_genkey_0=/api/v1/search/**} to Path
2026-01-04 22:41:57.399 DEBUG 45534 --- [           main] o.s.c.g.r.RouteDefinitionRouteLocator    : RouteDefinition matched: catalog-search
2026-01-04 22:41:57.399 DEBUG 45534 --- [           main] o.s.c.g.r.RouteDefinitionRouteLocator    : RouteDefinition catalog-newsletter applying {_genkey_0=/api/v1/newsletter, _genkey_1=/api/v1/newsletter/**} to Path
2026-01-04 22:41:57.400 DEBUG 45534 --- [           main] o.s.c.g.r.RouteDefinitionRouteLocator    : RouteDefinition matched: catalog-newsletter
2026-01-04 22:41:57.401 DEBUG 45534 --- [           main] o.s.c.g.r.RouteDefinitionRouteLocator    : RouteDefinition catalog-contact applying {_genkey_0=/api/v1/contact} to Path
2026-01-04 22:41:57.402 DEBUG 45534 --- [           main] o.s.c.g.r.RouteDefinitionRouteLocator    : RouteDefinition matched: catalog-contact
2026-01-04 22:41:57.402 DEBUG 45534 --- [           main] o.s.c.g.r.RouteDefinitionRouteLocator    : RouteDefinition customer-reference applying {_genkey_0=/api/v1/country, _genkey_1=/api/v1/currency, _genkey_2=/api/v1/languages, _genkey_3=/api/v1/measures, _genkey_4=/api/v1/zones} to Path
2026-01-04 22:41:57.404 DEBUG 45534 --- [           main] o.s.c.g.r.RouteDefinitionRouteLocator    : RouteDefinition matched: customer-reference
2026-01-04 22:41:57.404 DEBUG 45534 --- [           main] o.s.c.g.r.RouteDefinitionRouteLocator    : RouteDefinition customer-reviews-public applying {_genkey_0=/api/v1/customers/*/reviews} to Path
2026-01-04 22:41:57.405 DEBUG 45534 --- [           main] o.s.c.g.r.RouteDefinitionRouteLocator    : RouteDefinition matched: customer-reviews-public
2026-01-04 22:41:57.406 DEBUG 45534 --- [           main] o.s.c.g.r.RouteDefinitionRouteLocator    : RouteDefinition user-auth-stores-public applying {_genkey_0=/api/v1/store, _genkey_1=/api/v1/store/**} to Path
2026-01-04 22:41:57.407 DEBUG 45534 --- [           main] o.s.c.g.r.RouteDefinitionRouteLocator    : RouteDefinition matched: user-auth-stores-public
2026-01-04 22:41:57.407 DEBUG 45534 --- [           main] o.s.c.g.r.RouteDefinitionRouteLocator    : RouteDefinition user-password-reset applying {_genkey_0=/api/v1/user/**} to Path
2026-01-04 22:41:57.408 DEBUG 45534 --- [           main] o.s.c.g.r.RouteDefinitionRouteLocator    : RouteDefinition matched: user-password-reset
2026-01-04 22:41:57.408 DEBUG 45534 --- [           main] o.s.c.g.r.RouteDefinitionRouteLocator    : RouteDefinition user-auth-config-public applying {_genkey_0=/api/v1/config} to Path
2026-01-04 22:41:57.409 DEBUG 45534 --- [           main] o.s.c.g.r.RouteDefinitionRouteLocator    : RouteDefinition matched: user-auth-config-public
2026-01-04 22:41:57.409 DEBUG 45534 --- [           main] o.s.c.g.r.RouteDefinitionRouteLocator    : RouteDefinition order-shipping-public applying {_genkey_0=/api/v1/shipping/**} to Path
2026-01-04 22:41:57.410 DEBUG 45534 --- [           main] o.s.c.g.r.RouteDefinitionRouteLocator    : RouteDefinition matched: order-shipping-public
2026-01-04 22:41:57.411 DEBUG 45534 --- [           main] o.s.c.g.r.RouteDefinitionRouteLocator    : RouteDefinition order-payment-public applying {_genkey_0=/api/v1/payment/**, _genkey_1=/api/v1/cart/*/payment/**} to Path
2026-01-04 22:41:57.413 DEBUG 45534 --- [           main] o.s.c.g.r.RouteDefinitionRouteLocator    : RouteDefinition matched: order-payment-public
2026-01-04 22:41:57.413 DEBUG 45534 --- [           main] o.s.c.g.r.RouteDefinitionRouteLocator    : RouteDefinition order-checkout-public applying {_genkey_0=/api/v1/cart/*/checkout} to Path
2026-01-04 22:41:57.415 DEBUG 45534 --- [           main] o.s.c.g.r.RouteDefinitionRouteLocator    : RouteDefinition matched: order-checkout-public
2026-01-04 22:41:57.415 DEBUG 45534 --- [           main] o.s.c.g.r.RouteDefinitionRouteLocator    : RouteDefinition customer-cart-public applying {_genkey_0=/api/v1/cart, _genkey_1=/api/v1/cart/**} to Path
2026-01-04 22:41:57.416 DEBUG 45534 --- [           main] o.s.c.g.r.RouteDefinitionRouteLocator    : RouteDefinition matched: customer-cart-public
2026-01-04 22:41:57.416 DEBUG 45534 --- [           main] o.s.c.g.r.RouteDefinitionRouteLocator    : RouteDefinition private-login applying {_genkey_0=/api/v1/private/login} to Path
2026-01-04 22:41:57.417 DEBUG 45534 --- [           main] o.s.c.g.r.RouteDefinitionRouteLocator    : RouteDefinition matched: private-login
2026-01-04 22:41:57.417 DEBUG 45534 --- [           main] o.s.c.g.r.RouteDefinitionRouteLocator    : RouteDefinition orders-auth applying {_genkey_0=/api/v1/auth/orders/**, _genkey_1=/api/v1/auth/cart/**, _genkey_2=/api/v1/private/orders/**} to Path
2026-01-04 22:41:57.418 DEBUG 45534 --- [           main] o.s.c.g.r.RouteDefinitionRouteLocator    : RouteDefinition matched: orders-auth
2026-01-04 22:41:57.418 DEBUG 45534 --- [           main] o.s.c.g.r.RouteDefinitionRouteLocator    : RouteDefinition customer-auth applying {_genkey_0=/api/v1/auth/customer/**} to Path
2026-01-04 22:41:57.419 DEBUG 45534 --- [           main] o.s.c.g.r.RouteDefinitionRouteLocator    : RouteDefinition matched: customer-auth
2026-01-04 22:41:57.419 DEBUG 45534 --- [           main] o.s.c.g.r.RouteDefinitionRouteLocator    : RouteDefinition user-auth-refresh applying {_genkey_0=/api/v1/auth/refresh} to Path
2026-01-04 22:41:57.420 DEBUG 45534 --- [           main] o.s.c.g.r.RouteDefinitionRouteLocator    : RouteDefinition matched: user-auth-refresh
2026-01-04 22:41:57.421 DEBUG 45534 --- [           main] o.s.c.g.r.RouteDefinitionRouteLocator    : RouteDefinition order-cache applying {_genkey_0=/api/v1/auth/cache/**} to Path
2026-01-04 22:41:57.422 DEBUG 45534 --- [           main] o.s.c.g.r.RouteDefinitionRouteLocator    : RouteDefinition matched: order-cache
2026-01-04 22:41:57.423 DEBUG 45534 --- [           main] o.s.c.g.r.RouteDefinitionRouteLocator    : RouteDefinition catalog-auth-products applying {_genkey_0=/api/v1/auth/products/**, _genkey_1=/api/v1/auth/product/**} to Path
2026-01-04 22:41:57.426 DEBUG 45534 --- [           main] o.s.c.g.r.RouteDefinitionRouteLocator    : RouteDefinition matched: catalog-auth-products
2026-01-04 22:41:57.426 DEBUG 45534 --- [           main] o.s.c.g.r.RouteDefinitionRouteLocator    : RouteDefinition catalog-private applying {_genkey_0=/api/v1/private/product/**, _genkey_1=/api/v2/private/product/**} to Path
2026-01-04 22:41:57.428 DEBUG 45534 --- [           main] o.s.c.g.r.RouteDefinitionRouteLocator    : RouteDefinition matched: catalog-private
2026-01-04 22:41:57.428 DEBUG 45534 --- [           main] o.s.c.g.r.RouteDefinitionRouteLocator    : RouteDefinition catalog-private-products applying {_genkey_0=/api/v1/private/products/**} to Path
2026-01-04 22:41:57.430 DEBUG 45534 --- [           main] o.s.c.g.r.RouteDefinitionRouteLocator    : RouteDefinition matched: catalog-private-products
2026-01-04 22:41:57.430 DEBUG 45534 --- [           main] o.s.c.g.r.RouteDefinitionRouteLocator    : RouteDefinition catalog-category-private applying {_genkey_0=/api/v1/private/category/**} to Path
2026-01-04 22:41:57.431 DEBUG 45534 --- [           main] o.s.c.g.r.RouteDefinitionRouteLocator    : RouteDefinition matched: catalog-category-private
2026-01-04 22:41:57.431 DEBUG 45534 --- [           main] o.s.c.g.r.RouteDefinitionRouteLocator    : RouteDefinition catalog-manufacturer-private applying {_genkey_0=/api/v1/private/manufacturers/**, _genkey_1=/api/v1/private/manufacturer/**} to Path
2026-01-04 22:41:57.432 DEBUG 45534 --- [           main] o.s.c.g.r.RouteDefinitionRouteLocator    : RouteDefinition matched: catalog-manufacturer-private
2026-01-04 22:41:57.432 DEBUG 45534 --- [           main] o.s.c.g.r.RouteDefinitionRouteLocator    : RouteDefinition catalog-content-private applying {_genkey_0=/api/v1/private/content/**, _genkey_1=/api/v1/private/file, _genkey_2=/api/v1/private/files} to Path
2026-01-04 22:41:57.433 DEBUG 45534 --- [           main] o.s.c.g.r.RouteDefinitionRouteLocator    : RouteDefinition matched: catalog-content-private
2026-01-04 22:41:57.434 DEBUG 45534 --- [           main] o.s.c.g.r.RouteDefinitionRouteLocator    : RouteDefinition catalog-catalog applying {_genkey_0=/api/v1/private/catalog, _genkey_1=/api/v1/private/catalog/**, _genkey_2=/api/v1/private/catalogs} to Path
2026-01-04 22:41:57.435 DEBUG 45534 --- [           main] o.s.c.g.r.RouteDefinitionRouteLocator    : RouteDefinition matched: catalog-catalog
2026-01-04 22:41:57.435 DEBUG 45534 --- [           main] o.s.c.g.r.RouteDefinitionRouteLocator    : RouteDefinition catalog-optin applying {_genkey_0=/api/v1/private/optin, _genkey_1=/api/v1/private/optin/**} to Path
2026-01-04 22:41:57.436 DEBUG 45534 --- [           main] o.s.c.g.r.RouteDefinitionRouteLocator    : RouteDefinition matched: catalog-optin
2026-01-04 22:41:57.436 DEBUG 45534 --- [           main] o.s.c.g.r.RouteDefinitionRouteLocator    : RouteDefinition catalog-system applying {_genkey_0=/api/v1/private/system/**} to Path
2026-01-04 22:41:57.437 DEBUG 45534 --- [           main] o.s.c.g.r.RouteDefinitionRouteLocator    : RouteDefinition matched: catalog-system
2026-01-04 22:41:57.437 DEBUG 45534 --- [           main] o.s.c.g.r.RouteDefinitionRouteLocator    : RouteDefinition customer-private applying {_genkey_0=/api/v1/private/customer/**, _genkey_1=/api/v1/private/customers/**} to Path
2026-01-04 22:41:57.438 DEBUG 45534 --- [           main] o.s.c.g.r.RouteDefinitionRouteLocator    : RouteDefinition matched: customer-private
2026-01-04 22:41:57.438 DEBUG 45534 --- [           main] o.s.c.g.r.RouteDefinitionRouteLocator    : RouteDefinition order-tax applying {_genkey_0=/api/v1/private/tax/**} to Path
2026-01-04 22:41:57.439 DEBUG 45534 --- [           main] o.s.c.g.r.RouteDefinitionRouteLocator    : RouteDefinition matched: order-tax
2026-01-04 22:41:57.439 DEBUG 45534 --- [           main] o.s.c.g.r.RouteDefinitionRouteLocator    : RouteDefinition order-shipping-private applying {_genkey_0=/api/v1/private/shipping/**} to Path
2026-01-04 22:41:57.440 DEBUG 45534 --- [           main] o.s.c.g.r.RouteDefinitionRouteLocator    : RouteDefinition matched: order-shipping-private
2026-01-04 22:41:57.440 DEBUG 45534 --- [           main] o.s.c.g.r.RouteDefinitionRouteLocator    : RouteDefinition order-payment-private applying {_genkey_0=/api/v1/private/payment/**} to Path
2026-01-04 22:41:57.441 DEBUG 45534 --- [           main] o.s.c.g.r.RouteDefinitionRouteLocator    : RouteDefinition matched: order-payment-private
2026-01-04 22:41:57.441 DEBUG 45534 --- [           main] o.s.c.g.r.RouteDefinitionRouteLocator    : RouteDefinition order-configurations applying {_genkey_0=/api/v1/private/configurations/**} to Path
2026-01-04 22:41:57.442 DEBUG 45534 --- [           main] o.s.c.g.r.RouteDefinitionRouteLocator    : RouteDefinition matched: order-configurations
2026-01-04 22:41:57.442 DEBUG 45534 --- [           main] o.s.c.g.r.RouteDefinitionRouteLocator    : RouteDefinition order-modules applying {_genkey_0=/api/v1/private/modules/**} to Path
2026-01-04 22:41:57.443 DEBUG 45534 --- [           main] o.s.c.g.r.RouteDefinitionRouteLocator    : RouteDefinition matched: order-modules
2026-01-04 22:41:57.444 DEBUG 45534 --- [           main] o.s.c.g.r.RouteDefinitionRouteLocator    : RouteDefinition merchant-config applying {_genkey_0=/api/v1/merchant/**} to Path
2026-01-04 22:41:57.445 DEBUG 45534 --- [           main] o.s.c.g.r.RouteDefinitionRouteLocator    : RouteDefinition matched: merchant-config
2026-01-04 22:41:57.445 DEBUG 45534 --- [           main] o.s.c.g.r.RouteDefinitionRouteLocator    : RouteDefinition user-auth-stores-private applying {_genkey_0=/api/v1/private/store, _genkey_1=/api/v1/private/store/**, _genkey_2=/api/v1/private/stores, _genkey_3=/api/v1/private/stores/**} to Path
2026-01-04 22:41:57.446 DEBUG 45534 --- [           main] o.s.c.g.r.RouteDefinitionRouteLocator    : RouteDefinition matched: user-auth-stores-private
2026-01-04 22:41:57.446 DEBUG 45534 --- [           main] o.s.c.g.r.RouteDefinitionRouteLocator    : RouteDefinition user-auth-merchant applying {_genkey_0=/api/v1/private/merchant/**} to Path
2026-01-04 22:41:57.447 DEBUG 45534 --- [           main] o.s.c.g.r.RouteDefinitionRouteLocator    : RouteDefinition matched: user-auth-merchant
2026-01-04 22:41:57.447 DEBUG 45534 --- [           main] o.s.c.g.r.RouteDefinitionRouteLocator    : RouteDefinition user-profile applying {_genkey_0=/api/v1/private/user/**, _genkey_1=/api/v1/private/users, _genkey_2=/api/v1/private/users/**} to Path
2026-01-04 22:41:57.448 DEBUG 45534 --- [           main] o.s.c.g.r.RouteDefinitionRouteLocator    : RouteDefinition matched: user-profile
2026-01-04 22:41:57.448 DEBUG 45534 --- [           main] o.s.c.g.r.RouteDefinitionRouteLocator    : RouteDefinition user-auth-sec applying {_genkey_0=/api/v1/sec/**} to Path
2026-01-04 22:41:57.449 DEBUG 45534 --- [           main] o.s.c.g.r.RouteDefinitionRouteLocator    : RouteDefinition matched: user-auth-sec
2026-01-04 22:41:57.449 DEBUG 45534 --- [           main] o.s.c.g.r.RouteDefinitionRouteLocator    : RouteDefinition user-auth-marketplace applying {_genkey_0=/api/v1/private/marketplace/**} to Path
2026-01-04 22:41:57.450 DEBUG 45534 --- [           main] o.s.c.g.r.RouteDefinitionRouteLocator    : RouteDefinition matched: user-auth-marketplace
2026-01-04 22:41:57.459 DEBUG 45534 --- [           main] o.s.c.g.filter.GatewayMetricsFilter      : New routes count: 44
2026-01-04 22:41:57.465  INFO 45534 --- [           main] z.b.gateway.ApiGatewayApplication        : Started ApiGatewayApplication in 6.838 seconds (JVM running for 7.416)
2026-01-04 22:42:26.807 DEBUG 45534 --- [or-http-epoll-3] o.s.c.g.h.RoutePredicateHandlerMapping   : Route matched: catalog-public
2026-01-04 22:42:26.808 DEBUG 45534 --- [or-http-epoll-3] o.s.c.g.h.RoutePredicateHandlerMapping   : Mapping [Exchange: GET http://localhost:8080/api/v1/products] to Route{id='catalog-public', uri=http://catalog-service:8081, order=0, predicate=Paths: [/api/v1/products/**, /api/v1/product/**], match trailing slash: true, gatewayFilters=[], metadata={}}
2026-01-04 22:42:26.808 DEBUG 45534 --- [or-http-epoll-3] o.s.c.g.h.RoutePredicateHandlerMapping   : [3c83e480-2] Mapped to org.springframework.cloud.gateway.handler.FilteringWebHandler@7f629ead
2026-01-04 22:42:26.809 DEBUG 45534 --- [or-http-epoll-3] o.s.c.g.handler.FilteringWebHandler      : Sorted gatewayFilterFactories: [[GatewayFilterAdapter{delegate=org.springframework.cloud.gateway.filter.RemoveCachedBodyFilter@6e03db1f}, order = -2147483648], [GatewayFilterAdapter{delegate=org.springframework.cloud.gateway.filter.AdaptCachedBodyGlobalFilter@29b40b3}, order = -2147482648], [GatewayFilterAdapter{delegate=za.blkmarket.gateway.JwtAuthFilter@19b206ee}, order = -100], [GatewayFilterAdapter{delegate=za.blkmarket.gateway.LoggingFilter@ffd4cba}, order = -1], [GatewayFilterAdapter{delegate=org.springframework.cloud.gateway.filter.NettyWriteResponseFilter@670f2466}, order = -1], [GatewayFilterAdapter{delegate=org.springframework.cloud.gateway.filter.ForwardPathFilter@6ebc9573}, order = 0], [GatewayFilterAdapter{delegate=org.springframework.cloud.gateway.filter.GatewayMetricsFilter@630390b9}, order = 0], [GatewayFilterAdapter{delegate=org.springframework.cloud.gateway.filter.RouteToRequestUrlFilter@bfec2f9}, order = 10000], [GatewayFilterAdapter{delegate=org.springframework.cloud.gateway.config.GatewayNoLoadBalancerClientAutoConfiguration$NoLoadBalancerClientFilter@6690b9fa}, order = 10150], [GatewayFilterAdapter{delegate=org.springframework.cloud.gateway.filter.WebsocketRoutingFilter@1e977098}, order = 2147483646], [GatewayFilterAdapter{delegate=org.springframework.cloud.gateway.filter.NettyRoutingFilter@5f1483fd}, order = 2147483647], [GatewayFilterAdapter{delegate=org.springframework.cloud.gateway.filter.ForwardRoutingFilter@708eb310}, order = 2147483647]]
2026-01-04 22:42:26.811  INFO 45534 --- [or-http-epoll-3] za.blkmarket.gateway.LoggingFilter       : Request: GET /api/v1/products
2026-01-04 22:42:32.800 ERROR 45534 --- [or-http-epoll-3] a.w.r.e.AbstractErrorWebExceptionHandler : [3c83e480-2]  500 Server Error for HTTP GET "/api/v1/products"

java.net.UnknownHostException: Failed to resolve 'catalog-service' [A(1)]
	at io.netty.resolver.dns.DnsResolveContext.finishResolve(DnsResolveContext.java:1097) ~[netty-resolver-dns-4.1.94.Final.jar:4.1.94.Final]
	Suppressed: reactor.core.publisher.FluxOnAssembly$OnAssemblyException: 
Error has been observed at the following site(s):
	*__checkpoint ⇢ org.springframework.web.cors.reactive.CorsWebFilter [DefaultWebFilterChain]
	*__checkpoint ⇢ org.springframework.cloud.gateway.filter.WeightCalculatorWebFilter [DefaultWebFilterChain]
	*__checkpoint ⇢ org.springframework.boot.actuate.metrics.web.reactive.server.MetricsWebFilter [DefaultWebFilterChain]
	*__checkpoint ⇢ HTTP GET "/api/v1/products" [ExceptionHandlingWebHandler]
Original Stack Trace:
		at io.netty.resolver.dns.DnsResolveContext.finishResolve(DnsResolveContext.java:1097) ~[netty-resolver-dns-4.1.94.Final.jar:4.1.94.Final]
		at io.netty.resolver.dns.DnsResolveContext.tryToFinishResolve(DnsResolveContext.java:1044) ~[netty-resolver-dns-4.1.94.Final.jar:4.1.94.Final]
		at io.netty.resolver.dns.DnsResolveContext.query(DnsResolveContext.java:432) ~[netty-resolver-dns-4.1.94.Final.jar:4.1.94.Final]
		at io.netty.resolver.dns.DnsResolveContext.access$700(DnsResolveContext.java:66) ~[netty-resolver-dns-4.1.94.Final.jar:4.1.94.Final]
		at io.netty.resolver.dns.DnsResolveContext$2.operationComplete(DnsResolveContext.java:500) ~[netty-resolver-dns-4.1.94.Final.jar:4.1.94.Final]
		at io.netty.util.concurrent.DefaultPromise.notifyListener0(DefaultPromise.java:590) ~[netty-common-4.1.94.Final.jar:4.1.94.Final]
		at io.netty.util.concurrent.DefaultPromise.notifyListeners0(DefaultPromise.java:583) ~[netty-common-4.1.94.Final.jar:4.1.94.Final]
		at io.netty.util.concurrent.DefaultPromise.notifyListenersNow(DefaultPromise.java:559) ~[netty-common-4.1.94.Final.jar:4.1.94.Final]
		at io.netty.util.concurrent.DefaultPromise.notifyListeners(DefaultPromise.java:492) ~[netty-common-4.1.94.Final.jar:4.1.94.Final]
		at io.netty.util.concurrent.DefaultPromise.setValue0(DefaultPromise.java:636) ~[netty-common-4.1.94.Final.jar:4.1.94.Final]
		at io.netty.util.concurrent.DefaultPromise.setFailure0(DefaultPromise.java:629) ~[netty-common-4.1.94.Final.jar:4.1.94.Final]
		at io.netty.util.concurrent.DefaultPromise.tryFailure(DefaultPromise.java:118) ~[netty-common-4.1.94.Final.jar:4.1.94.Final]
		at io.netty.resolver.dns.DnsQueryContext.finishFailure(DnsQueryContext.java:348) ~[netty-resolver-dns-4.1.94.Final.jar:4.1.94.Final]
		at io.netty.resolver.dns.DnsQueryContext$5.run(DnsQueryContext.java:290) ~[netty-resolver-dns-4.1.94.Final.jar:4.1.94.Final]
		at io.netty.util.concurrent.PromiseTask.runTask(PromiseTask.java:98) ~[netty-common-4.1.94.Final.jar:4.1.94.Final]
		at io.netty.util.concurrent.ScheduledFutureTask.run(ScheduledFutureTask.java:153) ~[netty-common-4.1.94.Final.jar:4.1.94.Final]
		at io.netty.util.concurrent.AbstractEventExecutor.runTask(AbstractEventExecutor.java:174) ~[netty-common-4.1.94.Final.jar:4.1.94.Final]
		at io.netty.util.concurrent.AbstractEventExecutor.safeExecute(AbstractEventExecutor.java:167) ~[netty-common-4.1.94.Final.jar:4.1.94.Final]
		at io.netty.util.concurrent.SingleThreadEventExecutor.runAllTasks(SingleThreadEventExecutor.java:470) ~[netty-common-4.1.94.Final.jar:4.1.94.Final]
		at io.netty.channel.epoll.EpollEventLoop.run(EpollEventLoop.java:406) ~[netty-transport-classes-epoll-4.1.94.Final.jar:4.1.94.Final]
		at io.netty.util.concurrent.SingleThreadEventExecutor$4.run(SingleThreadEventExecutor.java:997) ~[netty-common-4.1.94.Final.jar:4.1.94.Final]
		at io.netty.util.internal.ThreadExecutorMap$2.run(ThreadExecutorMap.java:74) ~[netty-common-4.1.94.Final.jar:4.1.94.Final]
		at io.netty.util.concurrent.FastThreadLocalRunnable.run(FastThreadLocalRunnable.java:30) ~[netty-common-4.1.94.Final.jar:4.1.94.Final]
		at java.base/java.lang.Thread.run(Thread.java:840) ~[na:na]
Caused by: io.netty.resolver.dns.DnsNameResolverTimeoutException: [40872: /10.255.255.254:53] DefaultDnsQuestion(catalog-service. IN A) query '40872' via UDP timed out after 5000 milliseconds (no stack trace available)

[INFO] ------------------------------------------------------------------------
[INFO] BUILD SUCCESS
[INFO] ------------------------------------------------------------------------
[INFO] Total time:  02:00 min
[INFO] Finished at: 2026-01-04T22:43:44+02:00
[INFO] ------------------------------------------------------------------------
